<?xml version="1.0" encoding="UTF-8"?>
<!-- Generated by org.testng.reporters.JUnitReportReporter -->
<testsuite hostname="inbl01lap5112" failures="0" tests="1" name="GetRequest.Project_GetRequest" time="1.416" errors="0" timestamp="2022-02-19T15:42:15 IST" skipped="0">
  <testcase classname="GetRequest.Project_GetRequest" name="Get_Request" time="1.416"/>
  <system-out/>
</testsuite> <!-- GetRequest.Project_GetRequest -->
