<?xml version="1.0" encoding="UTF-8"?>
<!-- Generated by org.testng.reporters.JUnitReportReporter -->
<testsuite hostname="inbl01lap5112" failures="0" tests="4" name="Testcases.TestCase_Mrs" time="18.819" errors="0" timestamp="2022-02-19T16:02:47 IST" skipped="0">
  <testcase classname="Testcases.TestCase_Mrs" name="Find_patient" time="5.937"/>
  <system-out/>
  <testcase classname="Testcases.TestCase_Mrs" name="Sign_in" time="6.161"/>
  <system-out/>
  <testcase classname="Testcases.TestCase_Mrs" name="CaptureVitals" time="6.323"/>
  <system-out/>
  <testcase classname="Testcases.TestCase_Mrs" name="log_in" time="0.398"/>
  <system-out/>
</testsuite> <!-- Testcases.TestCase_Mrs -->
